2021-02-24 01:20:25,029	INFO services.py:1171 -- View the Ray dashboard at [1m[32mhttp://127.0.0.1:8265[39m[22m
[2m[36m(pid=24225)[0m GPU available: True, used: True
[2m[36m(pid=24225)[0m TPU available: None, using: 0 TPU cores
[2m[36m(pid=24225)[0m LOCAL_RANK: 0 - CUDA_VISIBLE_DEVICES: [7]
[2m[36m(pid=24216)[0m GPU available: True, used: True
[2m[36m(pid=24216)[0m TPU available: None, using: 0 TPU cores
[2m[36m(pid=24216)[0m LOCAL_RANK: 0 - CUDA_VISIBLE_DEVICES: [4]
[2m[36m(pid=24232)[0m GPU available: True, used: True
[2m[36m(pid=24232)[0m TPU available: None, using: 0 TPU cores
[2m[36m(pid=24232)[0m LOCAL_RANK: 0 - CUDA_VISIBLE_DEVICES: [5]
[2m[36m(pid=24231)[0m GPU available: True, used: True
[2m[36m(pid=24231)[0m TPU available: None, using: 0 TPU cores
[2m[36m(pid=24231)[0m LOCAL_RANK: 0 - CUDA_VISIBLE_DEVICES: [6]
[2m[36m(pid=24216)[0m Set SLURM handle signals.
[2m[36m(pid=24216)[0m 
[2m[36m(pid=24216)[0m   | Name           | Type             | Params
[2m[36m(pid=24216)[0m ----------------------------------------------------
[2m[36m(pid=24216)[0m 0 | model          | VGG              | 15.3 M
[2m[36m(pid=24216)[0m 1 | criterion      | CrossEntropyLoss | 0     
[2m[36m(pid=24216)[0m 2 | accuracy       | Accuracy         | 0     
[2m[36m(pid=24216)[0m 3 | train_accuracy | Accuracy         | 0     
[2m[36m(pid=24216)[0m ----------------------------------------------------
[2m[36m(pid=24216)[0m 15.3 M    Trainable params
[2m[36m(pid=24216)[0m 0         Non-trainable params
[2m[36m(pid=24216)[0m 15.3 M    Total params
[2m[36m(pid=24232)[0m Set SLURM handle signals.
[2m[36m(pid=24232)[0m 
[2m[36m(pid=24232)[0m   | Name           | Type             | Params
[2m[36m(pid=24232)[0m ----------------------------------------------------
[2m[36m(pid=24232)[0m 0 | model          | VGG              | 15.3 M
[2m[36m(pid=24232)[0m 1 | criterion      | CrossEntropyLoss | 0     
[2m[36m(pid=24232)[0m 2 | accuracy       | Accuracy         | 0     
[2m[36m(pid=24232)[0m 3 | train_accuracy | Accuracy         | 0     
[2m[36m(pid=24232)[0m ----------------------------------------------------
[2m[36m(pid=24232)[0m 15.3 M    Trainable params
[2m[36m(pid=24232)[0m 0         Non-trainable params
[2m[36m(pid=24232)[0m 15.3 M    Total params
[2m[36m(pid=24231)[0m Set SLURM handle signals.
[2m[36m(pid=24231)[0m 
[2m[36m(pid=24231)[0m   | Name           | Type             | Params
[2m[36m(pid=24231)[0m ----------------------------------------------------
[2m[36m(pid=24231)[0m 0 | model          | VGG              | 15.3 M
[2m[36m(pid=24231)[0m 1 | criterion      | CrossEntropyLoss | 0     
[2m[36m(pid=24231)[0m 2 | accuracy       | Accuracy         | 0     
[2m[36m(pid=24231)[0m 3 | train_accuracy | Accuracy         | 0     
[2m[36m(pid=24231)[0m ----------------------------------------------------
[2m[36m(pid=24231)[0m 15.3 M    Trainable params
[2m[36m(pid=24231)[0m 0         Non-trainable params
[2m[36m(pid=24231)[0m 15.3 M    Total params
[2m[36m(pid=24225)[0m Set SLURM handle signals.
[2m[36m(pid=24225)[0m 
[2m[36m(pid=24225)[0m   | Name           | Type             | Params
[2m[36m(pid=24225)[0m ----------------------------------------------------
[2m[36m(pid=24225)[0m 0 | model          | VGG              | 15.3 M
[2m[36m(pid=24225)[0m 1 | criterion      | CrossEntropyLoss | 0     
[2m[36m(pid=24225)[0m 2 | accuracy       | Accuracy         | 0     
[2m[36m(pid=24225)[0m 3 | train_accuracy | Accuracy         | 0     
[2m[36m(pid=24225)[0m ----------------------------------------------------
[2m[36m(pid=24225)[0m 15.3 M    Trainable params
[2m[36m(pid=24225)[0m 0         Non-trainable params
[2m[36m(pid=24225)[0m 15.3 M    Total params
[2m[36m(pid=24231)[0m GPU available: True, used: True
[2m[36m(pid=24231)[0m TPU available: None, using: 0 TPU cores
[2m[36m(pid=24231)[0m LOCAL_RANK: 0 - CUDA_VISIBLE_DEVICES: [6]
[2m[36m(pid=24231)[0m Set SLURM handle signals.
[2m[36m(pid=24231)[0m 
[2m[36m(pid=24231)[0m   | Name           | Type             | Params
[2m[36m(pid=24231)[0m ----------------------------------------------------
[2m[36m(pid=24231)[0m 0 | model          | VGG              | 15.3 M
[2m[36m(pid=24231)[0m 1 | criterion      | CrossEntropyLoss | 0     
[2m[36m(pid=24231)[0m 2 | accuracy       | Accuracy         | 0     
[2m[36m(pid=24231)[0m 3 | train_accuracy | Accuracy         | 0     
[2m[36m(pid=24231)[0m ----------------------------------------------------
[2m[36m(pid=24231)[0m 15.3 M    Trainable params
[2m[36m(pid=24231)[0m 0         Non-trainable params
[2m[36m(pid=24231)[0m 15.3 M    Total params
[2m[36m(pid=24216)[0m GPU available: True, used: True
[2m[36m(pid=24216)[0m TPU available: None, using: 0 TPU cores
[2m[36m(pid=24216)[0m LOCAL_RANK: 0 - CUDA_VISIBLE_DEVICES: [4]
[2m[36m(pid=24216)[0m Set SLURM handle signals.
[2m[36m(pid=24216)[0m 
[2m[36m(pid=24216)[0m   | Name           | Type             | Params
[2m[36m(pid=24216)[0m ----------------------------------------------------
[2m[36m(pid=24216)[0m 0 | model          | VGG              | 15.3 M
[2m[36m(pid=24216)[0m 1 | criterion      | CrossEntropyLoss | 0     
[2m[36m(pid=24216)[0m 2 | accuracy       | Accuracy         | 0     
[2m[36m(pid=24216)[0m 3 | train_accuracy | Accuracy         | 0     
[2m[36m(pid=24216)[0m ----------------------------------------------------
[2m[36m(pid=24216)[0m 15.3 M    Trainable params
[2m[36m(pid=24216)[0m 0         Non-trainable params
[2m[36m(pid=24216)[0m 15.3 M    Total params
[2m[36m(pid=24232)[0m GPU available: True, used: True
[2m[36m(pid=24232)[0m TPU available: None, using: 0 TPU cores
[2m[36m(pid=24232)[0m LOCAL_RANK: 0 - CUDA_VISIBLE_DEVICES: [5]
[2m[36m(pid=24232)[0m Set SLURM handle signals.
[2m[36m(pid=24232)[0m 
[2m[36m(pid=24232)[0m   | Name           | Type             | Params
[2m[36m(pid=24232)[0m ----------------------------------------------------
[2m[36m(pid=24232)[0m 0 | model          | VGG              | 15.3 M
[2m[36m(pid=24232)[0m 1 | criterion      | CrossEntropyLoss | 0     
[2m[36m(pid=24232)[0m 2 | accuracy       | Accuracy         | 0     
[2m[36m(pid=24232)[0m 3 | train_accuracy | Accuracy         | 0     
[2m[36m(pid=24232)[0m ----------------------------------------------------
[2m[36m(pid=24232)[0m 15.3 M    Trainable params
[2m[36m(pid=24232)[0m 0         Non-trainable params
[2m[36m(pid=24232)[0m 15.3 M    Total params
[2m[36m(pid=24225)[0m GPU available: True, used: True
[2m[36m(pid=24225)[0m TPU available: None, using: 0 TPU cores
[2m[36m(pid=24225)[0m LOCAL_RANK: 0 - CUDA_VISIBLE_DEVICES: [7]
[2m[36m(pid=24225)[0m Set SLURM handle signals.
[2m[36m(pid=24225)[0m 
[2m[36m(pid=24225)[0m   | Name           | Type             | Params
[2m[36m(pid=24225)[0m ----------------------------------------------------
[2m[36m(pid=24225)[0m 0 | model          | VGG              | 15.2 M
[2m[36m(pid=24225)[0m 1 | criterion      | CrossEntropyLoss | 0     
[2m[36m(pid=24225)[0m 2 | accuracy       | Accuracy         | 0     
[2m[36m(pid=24225)[0m 3 | train_accuracy | Accuracy         | 0     
[2m[36m(pid=24225)[0m ----------------------------------------------------
[2m[36m(pid=24225)[0m 15.2 M    Trainable params
[2m[36m(pid=24225)[0m 0         Non-trainable params
[2m[36m(pid=24225)[0m 15.2 M    Total params
[2m[36m(pid=24231)[0m GPU available: True, used: True
[2m[36m(pid=24231)[0m TPU available: None, using: 0 TPU cores
[2m[36m(pid=24231)[0m LOCAL_RANK: 0 - CUDA_VISIBLE_DEVICES: [6]
[2m[36m(pid=24231)[0m Set SLURM handle signals.
[2m[36m(pid=24231)[0m 
[2m[36m(pid=24231)[0m   | Name           | Type             | Params
[2m[36m(pid=24231)[0m ----------------------------------------------------
[2m[36m(pid=24231)[0m 0 | model          | VGG              | 15.2 M
[2m[36m(pid=24231)[0m 1 | criterion      | CrossEntropyLoss | 0     
[2m[36m(pid=24231)[0m 2 | accuracy       | Accuracy         | 0     
[2m[36m(pid=24231)[0m 3 | train_accuracy | Accuracy         | 0     
[2m[36m(pid=24231)[0m ----------------------------------------------------
[2m[36m(pid=24231)[0m 15.2 M    Trainable params
[2m[36m(pid=24231)[0m 0         Non-trainable params
[2m[36m(pid=24231)[0m 15.2 M    Total params
[2m[36m(pid=24232)[0m GPU available: True, used: True
[2m[36m(pid=24232)[0m TPU available: None, using: 0 TPU cores
[2m[36m(pid=24232)[0m LOCAL_RANK: 0 - CUDA_VISIBLE_DEVICES: [5]
[2m[36m(pid=24232)[0m Set SLURM handle signals.
[2m[36m(pid=24232)[0m 
[2m[36m(pid=24232)[0m   | Name           | Type             | Params
[2m[36m(pid=24232)[0m ----------------------------------------------------
[2m[36m(pid=24232)[0m 0 | model          | VGG              | 15.2 M
[2m[36m(pid=24232)[0m 1 | criterion      | CrossEntropyLoss | 0     
[2m[36m(pid=24232)[0m 2 | accuracy       | Accuracy         | 0     
[2m[36m(pid=24232)[0m 3 | train_accuracy | Accuracy         | 0     
[2m[36m(pid=24232)[0m ----------------------------------------------------
[2m[36m(pid=24232)[0m 15.2 M    Trainable params
[2m[36m(pid=24232)[0m 0         Non-trainable params
[2m[36m(pid=24232)[0m 15.2 M    Total params
[2m[36m(pid=24216)[0m GPU available: True, used: True
[2m[36m(pid=24216)[0m TPU available: None, using: 0 TPU cores
[2m[36m(pid=24216)[0m LOCAL_RANK: 0 - CUDA_VISIBLE_DEVICES: [4]
[2m[36m(pid=24216)[0m Set SLURM handle signals.
[2m[36m(pid=24216)[0m 
[2m[36m(pid=24216)[0m   | Name           | Type             | Params
[2m[36m(pid=24216)[0m ----------------------------------------------------
[2m[36m(pid=24216)[0m 0 | model          | VGG              | 15.2 M
[2m[36m(pid=24216)[0m 1 | criterion      | CrossEntropyLoss | 0     
[2m[36m(pid=24216)[0m 2 | accuracy       | Accuracy         | 0     
[2m[36m(pid=24216)[0m 3 | train_accuracy | Accuracy         | 0     
[2m[36m(pid=24216)[0m ----------------------------------------------------
[2m[36m(pid=24216)[0m 15.2 M    Trainable params
[2m[36m(pid=24216)[0m 0         Non-trainable params
[2m[36m(pid=24216)[0m 15.2 M    Total params
[2m[36m(pid=24225)[0m GPU available: True, used: True
[2m[36m(pid=24225)[0m TPU available: None, using: 0 TPU cores
[2m[36m(pid=24225)[0m LOCAL_RANK: 0 - CUDA_VISIBLE_DEVICES: [7]
[2m[36m(pid=24225)[0m Set SLURM handle signals.
[2m[36m(pid=24225)[0m 
[2m[36m(pid=24225)[0m   | Name           | Type             | Params
[2m[36m(pid=24225)[0m ----------------------------------------------------
[2m[36m(pid=24225)[0m 0 | model          | VGG              | 15.2 M
[2m[36m(pid=24225)[0m 1 | criterion      | CrossEntropyLoss | 0     
[2m[36m(pid=24225)[0m 2 | accuracy       | Accuracy         | 0     
[2m[36m(pid=24225)[0m 3 | train_accuracy | Accuracy         | 0     
[2m[36m(pid=24225)[0m ----------------------------------------------------
[2m[36m(pid=24225)[0m 15.2 M    Trainable params
[2m[36m(pid=24225)[0m 0         Non-trainable params
[2m[36m(pid=24225)[0m 15.2 M    Total params
[2m[36m(pid=24231)[0m GPU available: True, used: True
[2m[36m(pid=24231)[0m TPU available: None, using: 0 TPU cores
[2m[36m(pid=24231)[0m LOCAL_RANK: 0 - CUDA_VISIBLE_DEVICES: [6]
[2m[36m(pid=24231)[0m Set SLURM handle signals.
[2m[36m(pid=24231)[0m 
[2m[36m(pid=24231)[0m   | Name           | Type             | Params
[2m[36m(pid=24231)[0m ----------------------------------------------------
[2m[36m(pid=24231)[0m 0 | model          | VGG              | 15.2 M
[2m[36m(pid=24231)[0m 1 | criterion      | CrossEntropyLoss | 0     
[2m[36m(pid=24231)[0m 2 | accuracy       | Accuracy         | 0     
[2m[36m(pid=24231)[0m 3 | train_accuracy | Accuracy         | 0     
[2m[36m(pid=24231)[0m ----------------------------------------------------
[2m[36m(pid=24231)[0m 15.2 M    Trainable params
[2m[36m(pid=24231)[0m 0         Non-trainable params
[2m[36m(pid=24231)[0m 15.2 M    Total params
[2m[36m(pid=24232)[0m GPU available: True, used: True
[2m[36m(pid=24232)[0m TPU available: None, using: 0 TPU cores
[2m[36m(pid=24232)[0m LOCAL_RANK: 0 - CUDA_VISIBLE_DEVICES: [5]
[2m[36m(pid=24232)[0m Set SLURM handle signals.
[2m[36m(pid=24232)[0m 
[2m[36m(pid=24232)[0m   | Name           | Type             | Params
[2m[36m(pid=24232)[0m ----------------------------------------------------
[2m[36m(pid=24232)[0m 0 | model          | VGG              | 15.2 M
[2m[36m(pid=24232)[0m 1 | criterion      | CrossEntropyLoss | 0     
[2m[36m(pid=24232)[0m 2 | accuracy       | Accuracy         | 0     
[2m[36m(pid=24232)[0m 3 | train_accuracy | Accuracy         | 0     
[2m[36m(pid=24232)[0m ----------------------------------------------------
[2m[36m(pid=24232)[0m 15.2 M    Trainable params
[2m[36m(pid=24232)[0m 0         Non-trainable params
[2m[36m(pid=24232)[0m 15.2 M    Total params
[2m[36m(pid=24216)[0m GPU available: True, used: True
[2m[36m(pid=24216)[0m TPU available: None, using: 0 TPU cores
[2m[36m(pid=24216)[0m LOCAL_RANK: 0 - CUDA_VISIBLE_DEVICES: [4]
[2m[36m(pid=24216)[0m Set SLURM handle signals.
[2m[36m(pid=24216)[0m 
[2m[36m(pid=24216)[0m   | Name           | Type             | Params
[2m[36m(pid=24216)[0m ----------------------------------------------------
[2m[36m(pid=24216)[0m 0 | model          | VGG              | 15.2 M
[2m[36m(pid=24216)[0m 1 | criterion      | CrossEntropyLoss | 0     
[2m[36m(pid=24216)[0m 2 | accuracy       | Accuracy         | 0     
[2m[36m(pid=24216)[0m 3 | train_accuracy | Accuracy         | 0     
[2m[36m(pid=24216)[0m ----------------------------------------------------
[2m[36m(pid=24216)[0m 15.2 M    Trainable params
[2m[36m(pid=24216)[0m 0         Non-trainable params
[2m[36m(pid=24216)[0m 15.2 M    Total params
[2m[36m(pid=24225)[0m GPU available: True, used: True
[2m[36m(pid=24225)[0m TPU available: None, using: 0 TPU cores
[2m[36m(pid=24225)[0m LOCAL_RANK: 0 - CUDA_VISIBLE_DEVICES: [7]
[2m[36m(pid=24225)[0m Set SLURM handle signals.
[2m[36m(pid=24225)[0m 
[2m[36m(pid=24225)[0m   | Name           | Type             | Params
[2m[36m(pid=24225)[0m ----------------------------------------------------
[2m[36m(pid=24225)[0m 0 | model          | VGG              | 15.2 M
[2m[36m(pid=24225)[0m 1 | criterion      | CrossEntropyLoss | 0     
[2m[36m(pid=24225)[0m 2 | accuracy       | Accuracy         | 0     
[2m[36m(pid=24225)[0m 3 | train_accuracy | Accuracy         | 0     
[2m[36m(pid=24225)[0m ----------------------------------------------------
[2m[36m(pid=24225)[0m 15.2 M    Trainable params
[2m[36m(pid=24225)[0m 0         Non-trainable params
[2m[36m(pid=24225)[0m 15.2 M    Total params
[2m[36m(pid=24216)[0m GPU available: True, used: True
[2m[36m(pid=24216)[0m TPU available: None, using: 0 TPU cores
[2m[36m(pid=24216)[0m LOCAL_RANK: 0 - CUDA_VISIBLE_DEVICES: [4]
[2m[36m(pid=24216)[0m Set SLURM handle signals.
[2m[36m(pid=24216)[0m 
[2m[36m(pid=24216)[0m   | Name           | Type             | Params
[2m[36m(pid=24216)[0m ----------------------------------------------------
[2m[36m(pid=24216)[0m 0 | model          | VGG              | 15.2 M
[2m[36m(pid=24216)[0m 1 | criterion      | CrossEntropyLoss | 0     
[2m[36m(pid=24216)[0m 2 | accuracy       | Accuracy         | 0     
[2m[36m(pid=24216)[0m 3 | train_accuracy | Accuracy         | 0     
[2m[36m(pid=24216)[0m ----------------------------------------------------
[2m[36m(pid=24216)[0m 15.2 M    Trainable params
[2m[36m(pid=24216)[0m 0         Non-trainable params
[2m[36m(pid=24216)[0m 15.2 M    Total params
[2m[36m(pid=24231)[0m GPU available: True, used: True
[2m[36m(pid=24231)[0m TPU available: None, using: 0 TPU cores
[2m[36m(pid=24231)[0m LOCAL_RANK: 0 - CUDA_VISIBLE_DEVICES: [6]
[2m[36m(pid=24231)[0m Set SLURM handle signals.
[2m[36m(pid=24231)[0m 
[2m[36m(pid=24231)[0m   | Name           | Type             | Params
[2m[36m(pid=24231)[0m ----------------------------------------------------
[2m[36m(pid=24231)[0m 0 | model          | VGG              | 15.2 M
[2m[36m(pid=24231)[0m 1 | criterion      | CrossEntropyLoss | 0     
[2m[36m(pid=24231)[0m 2 | accuracy       | Accuracy         | 0     
[2m[36m(pid=24231)[0m 3 | train_accuracy | Accuracy         | 0     
[2m[36m(pid=24231)[0m ----------------------------------------------------
[2m[36m(pid=24231)[0m 15.2 M    Trainable params
[2m[36m(pid=24231)[0m 0         Non-trainable params
[2m[36m(pid=24231)[0m 15.2 M    Total params
[2m[36m(pid=24225)[0m GPU available: True, used: True
[2m[36m(pid=24225)[0m TPU available: None, using: 0 TPU cores
[2m[36m(pid=24225)[0m LOCAL_RANK: 0 - CUDA_VISIBLE_DEVICES: [7]
[2m[36m(pid=24225)[0m Set SLURM handle signals.
[2m[36m(pid=24225)[0m 
[2m[36m(pid=24225)[0m   | Name           | Type             | Params
[2m[36m(pid=24225)[0m ----------------------------------------------------
[2m[36m(pid=24225)[0m 0 | model          | VGG              | 15.2 M
[2m[36m(pid=24225)[0m 1 | criterion      | CrossEntropyLoss | 0     
[2m[36m(pid=24225)[0m 2 | accuracy       | Accuracy         | 0     
[2m[36m(pid=24225)[0m 3 | train_accuracy | Accuracy         | 0     
[2m[36m(pid=24225)[0m ----------------------------------------------------
[2m[36m(pid=24225)[0m 15.2 M    Trainable params
[2m[36m(pid=24225)[0m 0         Non-trainable params
[2m[36m(pid=24225)[0m 15.2 M    Total params
[2m[36m(pid=24232)[0m GPU available: True, used: True
[2m[36m(pid=24232)[0m TPU available: None, using: 0 TPU cores
[2m[36m(pid=24232)[0m LOCAL_RANK: 0 - CUDA_VISIBLE_DEVICES: [5]
[2m[36m(pid=24232)[0m Set SLURM handle signals.
[2m[36m(pid=24232)[0m 
[2m[36m(pid=24232)[0m   | Name           | Type             | Params
[2m[36m(pid=24232)[0m ----------------------------------------------------
[2m[36m(pid=24232)[0m 0 | model          | VGG              | 15.2 M
[2m[36m(pid=24232)[0m 1 | criterion      | CrossEntropyLoss | 0     
[2m[36m(pid=24232)[0m 2 | accuracy       | Accuracy         | 0     
[2m[36m(pid=24232)[0m 3 | train_accuracy | Accuracy         | 0     
[2m[36m(pid=24232)[0m ----------------------------------------------------
[2m[36m(pid=24232)[0m 15.2 M    Trainable params
[2m[36m(pid=24232)[0m 0         Non-trainable params
[2m[36m(pid=24232)[0m 15.2 M    Total params
[2m[36m(pid=24231)[0m GPU available: True, used: True
[2m[36m(pid=24231)[0m TPU available: None, using: 0 TPU cores
[2m[36m(pid=24231)[0m LOCAL_RANK: 0 - CUDA_VISIBLE_DEVICES: [6]
[2m[36m(pid=24231)[0m Set SLURM handle signals.
[2m[36m(pid=24231)[0m 
[2m[36m(pid=24231)[0m   | Name           | Type             | Params
[2m[36m(pid=24231)[0m ----------------------------------------------------
[2m[36m(pid=24231)[0m 0 | model          | VGG              | 15.2 M
[2m[36m(pid=24231)[0m 1 | criterion      | CrossEntropyLoss | 0     
[2m[36m(pid=24231)[0m 2 | accuracy       | Accuracy         | 0     
[2m[36m(pid=24231)[0m 3 | train_accuracy | Accuracy         | 0     
[2m[36m(pid=24231)[0m ----------------------------------------------------
[2m[36m(pid=24231)[0m 15.2 M    Trainable params
[2m[36m(pid=24231)[0m 0         Non-trainable params
[2m[36m(pid=24231)[0m 15.2 M    Total params
